<?xml version="1.0" encoding="UTF-8"?>
<!-- Generated by org.testng.reporters.JUnitReportReporter -->
<testsuite skipped="0" hostname="KAPIL-PC" name="com.test.LivingPageTest" tests="13" failures="1" timestamp="10 Aug 2020 12:42:30 GMT" time="3.308" errors="0">
  <testcase name="livingMenuDisplay" time="0.573" classname="com.test.LivingPageTest"/>
  <testcase name="get_Sofa_set_SubmenuText" time="0.105" classname="com.test.LivingPageTest">
    <failure type="org.junit.ComparisonFailure" message="expected:&lt;[]&gt; but was:&lt;[Sofa Set]&gt;">
      <![CDATA[org.junit.ComparisonFailure: expected:<[]> but was:<[Sofa Set]>
at org.junit.Assert.assertEquals(Assert.java:125)
at org.junit.Assert.assertEquals(Assert.java:147)
at com.test.LivingPageTest.get_Sofa_set_SubmenuText(LivingPageTest.java:50)
at sun.reflect.NativeMethodAccessorImpl.invoke0(Native Method)
at sun.reflect.NativeMethodAccessorImpl.invoke(Unknown Source)
at sun.reflect.DelegatingMethodAccessorImpl.invoke(Unknown Source)
at java.lang.reflect.Method.invoke(Unknown Source)
at org.testng.internal.MethodInvocationHelper.invokeMethod(MethodInvocationHelper.java:124)
at org.testng.internal.Invoker.invokeMethod(Invoker.java:583)
at org.testng.internal.Invoker.invokeTestMethod(Invoker.java:719)
at org.testng.internal.Invoker.invokeTestMethods(Invoker.java:989)
at org.testng.internal.TestMethodWorker.invokeTestMethods(TestMethodWorker.java:125)
at org.testng.internal.TestMethodWorker.run(TestMethodWorker.java:109)
at org.testng.TestRunner.privateRun(TestRunner.java:648)
at org.testng.TestRunner.run(TestRunner.java:505)
at org.testng.SuiteRunner.runTest(SuiteRunner.java:455)
at org.testng.SuiteRunner.runSequentially(SuiteRunner.java:450)
at org.testng.SuiteRunner.privateRun(SuiteRunner.java:415)
at org.testng.SuiteRunner.run(SuiteRunner.java:364)
at org.testng.SuiteRunnerWorker.runSuite(SuiteRunnerWorker.java:52)
at org.testng.SuiteRunnerWorker.run(SuiteRunnerWorker.java:84)
at org.testng.TestNG.runSuitesSequentially(TestNG.java:1208)
at org.testng.TestNG.runSuitesLocally(TestNG.java:1137)
at org.testng.TestNG.runSuites(TestNG.java:1049)
at org.testng.TestNG.run(TestNG.java:1017)
at org.testng.remote.AbstractRemoteTestNG.run(AbstractRemoteTestNG.java:115)
at org.testng.remote.RemoteTestNG.initAndRun(RemoteTestNG.java:251)
at org.testng.remote.RemoteTestNG.main(RemoteTestNG.java:77)
]]>
    </failure>
  </testcase> <!-- get_Sofa_set_SubmenuText -->
  <testcase name="get_Sofa_set_SubMenuList" time="0.694" classname="com.test.LivingPageTest"/>
  <testcase name="get_Sofa_cum_Bed_SubmenuText" time="0.083" classname="com.test.LivingPageTest"/>
  <testcase name="get_Sofa_cum_Bed_SubMenuList" time="0.235" classname="com.test.LivingPageTest"/>
  <testcase name="get_Chair_SubMenuText" time="0.073" classname="com.test.LivingPageTest"/>
  <testcase name="get_Chair_SubMenuList" time="0.321" classname="com.test.LivingPageTest"/>
  <testcase name="get_Tables_SubMenuText" time="0.153" classname="com.test.LivingPageTest"/>
  <testcase name="get_Tables_SubMenuList" time="0.230" classname="com.test.LivingPageTest"/>
  <testcase name="get_Storage_SubMenuText" time="0.069" classname="com.test.LivingPageTest"/>
  <testcase name="get_Storage_SubMenuList" time="0.449" classname="com.test.LivingPageTest"/>
  <testcase name="get_Balcony_And_Outdoor_SubMenuText" time="0.100" classname="com.test.LivingPageTest"/>
  <testcase name="get_Balcony_And_Outdoor_SubMenu_List_SubMenuList" time="0.223" classname="com.test.LivingPageTest"/>
</testsuite> <!-- com.test.LivingPageTest -->
