<?xml version="1.0" encoding="UTF-8"?>
<!-- Generated by org.testng.reporters.JUnitReportReporter -->
<testsuite skipped="0" hostname="KAPIL-PC" name="com.test.BedroomPageTest" tests="10" failures="0" timestamp="30 Sep 2020 12:21:24 GMT" time="38.947" errors="0">
  <testcase name="tc_BedroomMenuDisplay" time="0.537" classname="com.test.BedroomPageTest"/>
  <testcase name="tc_Beds_SubMenuDisplay" time="3.067" classname="com.test.BedroomPageTest"/>
  <testcase name="tc_BedsSubMenuItems" time="0.570" classname="com.test.BedroomPageTest"/>
  <testcase name="get_Mattresses_SubMenuText" time="0.065" classname="com.test.BedroomPageTest"/>
  <testcase name="get_Mattresses_SubMenuList" time="0.268" classname="com.test.BedroomPageTest"/>
  <testcase name="get_Storage_and_Accessories_subMenu" time="0.066" classname="com.test.BedroomPageTest"/>
  <testcase name="get_Storage_and_Accessories_subMenuList" time="0.234" classname="com.test.BedroomPageTest"/>
  <testcase name="get_Kids_Bedroom_subMenu" time="0.087" classname="com.test.BedroomPageTest"/>
  <testcase name="get_Kids_Bedroom_subMenuList" time="0.117" classname="com.test.BedroomPageTest"/>
  <testcase name="tc_Beds_with_Storage_Sort_By_Price" time="33.936" classname="com.test.BedroomPageTest"/>
</testsuite> <!-- com.test.BedroomPageTest -->
